<?xml version="1.0" encoding="UTF-8"?>
<testng-results ignored="0" total="1" passed="1" failed="0" skipped="0">
  <reporter-output>
  </reporter-output>
  <suite started-at="2023-07-18T16:26:33 EEST" name="Default suite" finished-at="2023-07-18T16:26:46 EEST" duration-ms="12827">
    <groups>
    </groups>
    <test started-at="2023-07-18T16:26:33 EEST" name="Default test" finished-at="2023-07-18T16:26:46 EEST" duration-ms="12827">
      <class name="com.omayo.rightpagetest.ImageElementTest">
        <test-method is-config="true" signature="openPage()[pri:0, instance:com.omayo.rightpagetest.ImageElementTest@1a5b6f42]" started-at="2023-07-18T16:26:33 EEST" name="openPage" finished-at="2023-07-18T16:26:41 EEST" duration-ms="8239" status="PASS">
          <reporter-output>
          </reporter-output>
        </test-method> <!-- openPage -->
        <test-method signature="imageElementTest()[pri:0, instance:com.omayo.rightpagetest.ImageElementTest@1a5b6f42]" started-at="2023-07-18T16:26:41 EEST" name="imageElementTest" finished-at="2023-07-18T16:26:45 EEST" duration-ms="3278" status="PASS">
          <reporter-output>
          </reporter-output>
        </test-method> <!-- imageElementTest -->
        <test-method is-config="true" signature="clouser()[pri:0, instance:com.omayo.rightpagetest.ImageElementTest@1a5b6f42]" started-at="2023-07-18T16:26:45 EEST" name="clouser" finished-at="2023-07-18T16:26:46 EEST" duration-ms="1138" status="PASS">
          <reporter-output>
          </reporter-output>
        </test-method> <!-- clouser -->
      </class> <!-- com.omayo.rightpagetest.ImageElementTest -->
    </test> <!-- Default test -->
  </suite> <!-- Default suite -->
</testng-results>
